<?xml version="1.0" encoding="UTF-8"?>
<testng-results ignored="1" total="2" passed="1" failed="0" skipped="0">
  <reporter-output>
  </reporter-output>
  <suite started-at="2024-06-02T21:25:09 IST" name="Suite" finished-at="2024-06-02T21:25:32 IST" duration-ms="23297">
    <groups>
      <group name="RegressionSuite">
        <method signature="HRMFlow2Test.HRMFlow2()[pri:0, instance:Practice.HRMFlow2Test@a530d0a]" name="HRMFlow2" class="Practice.HRMFlow2Test"/>
      </group> <!-- RegressionSuite -->
    </groups>
    <test started-at="2024-06-02T21:25:09 IST" name="Test" finished-at="2024-06-02T21:25:32 IST" duration-ms="23297">
      <class name="Practice.HRMFlow2Test">
        <test-method signature="HRMFlow2()[pri:0, instance:Practice.HRMFlow2Test@a530d0a]" started-at="2024-06-02T21:25:09 IST" name="HRMFlow2" finished-at="2024-06-02T21:25:32 IST" duration-ms="23255" status="PASS">
          <reporter-output>
          </reporter-output>
        </test-method> <!-- HRMFlow2 -->
      </class> <!-- Practice.HRMFlow2Test -->
    </test> <!-- Test -->
  </suite> <!-- Suite -->
</testng-results>
